[debug] [2019-08-17T17:45:38.508Z] ----------------------------------------------------------------------
[debug] [2019-08-17T17:45:38.511Z] Command:       C:\Program Files\nodejs\node.exe C:\Users\clayton.chagas\projects\insects\node_modules\firebase-tools\lib\bin\firebase.js serve
[debug] [2019-08-17T17:45:38.511Z] CLI Version:   6.12.0
[debug] [2019-08-17T17:45:38.511Z] Platform:      win32
[debug] [2019-08-17T17:45:38.511Z] Node Version:  v10.15.3
[debug] [2019-08-17T17:45:38.513Z] Time:          Sat Aug 17 2019 14:45:38 GMT-0300 (GMT-03:00)
[debug] [2019-08-17T17:45:38.513Z] ----------------------------------------------------------------------
[debug] 
[debug] [2019-08-17T17:45:38.524Z] > command requires scopes: ["email","openid","https://www.googleapis.com/auth/cloudplatformprojects.readonly","https://www.googleapis.com/auth/firebase","https://www.googleapis.com/auth/cloud-platform"]
[debug] [2019-08-17T17:45:38.525Z] > authorizing via signed-in user
[debug] [2019-08-17T17:45:38.525Z] [iam] checking project insect-views for permissions ["firebase.projects.get"]
[debug] [2019-08-17T17:45:38.527Z] >>> HTTP REQUEST POST https://cloudresourcemanager.googleapis.com/v1/projects/insect-views:testIamPermissions  

[debug] [2019-08-17T17:45:39.527Z] <<< HTTP RESPONSE 200
[debug] [2019-08-17T17:45:39.531Z] >>> HTTP REQUEST GET https://cloudresourcemanager.googleapis.com/v1/projects/insect-views  
 
[debug] [2019-08-17T17:45:40.440Z] <<< HTTP RESPONSE 200
[info] 
[info] === Serving from 'C:\Users\clayton.chagas\projects\insects'...
[info] 
[debug] [2019-08-17T17:45:40.445Z] >>> HTTP REQUEST GET https://mobilesdk-pa.googleapis.com/v1/projects/779763678937/clients/_:getWebAppConfig  
 
[debug] [2019-08-17T17:45:40.905Z] <<< HTTP RESPONSE 200
[info] i  hosting[insects]: Serving hosting files from: www
[info] +  hosting[insects]: Local server: http://localhost:5000
